Launch Command: "/usr/java/latest/bin/java" "-cp" "/root/spark/conf/:/root/spark/lib/spark-assembly-1.6.1-hadoop2.4.0.jar" "-Xms1024M" "-Xmx1024M" "-Dakka.loglevel=WARNING" "-Dspark.app.name=com.expedia.www.leemajors.stat.aggregator.SampleJob" "-Dspark.driver.supervise=false" "-Dspark.submit.deployMode=cluster" "-Dspark.worker.cleanup.appDataTtl=86400" "-Dspark.rpc.askTimeout=10" "-Dspark.master=spark://10.2.69.63:7077" "-Dspark.eventLog.enabled=false" "-Dspark.eventLog.dir=/tmp/spark-events/" "-Dspark.worker.cleanup.enabled=true" "-Dspark.jars=file:/tmp/leemajors-stat-aggregator-spark-streaming.jar" "org.apache.spark.deploy.worker.DriverWrapper" "spark://Worker@10.2.69.103:33876" "/root/spark/work/driver-20160718164958-0003/leemajors-stat-aggregator-spark-streaming.jar" "com.expedia.www.leemajors.stat.aggregator.SampleJob" "-r" "test.json"
========================================

log4j:WARN No appenders could be found for logger (org.apache.hadoop.metrics2.lib.MutableMetricsFactory).
log4j:WARN Please initialize the log4j system properly.
log4j:WARN See http://logging.apache.org/log4j/1.2/faq.html#noconfig for more info.
Using Spark's repl log4j profile: org/apache/spark/log4j-defaults-repl.properties
To adjust logging level use sc.setLogLevel("INFO")
Exception in thread "main" java.lang.reflect.InvocationTargetException
	at sun.reflect.NativeMethodAccessorImpl.invoke0(Native Method)
	at sun.reflect.NativeMethodAccessorImpl.invoke(NativeMethodAccessorImpl.java:62)
	at sun.reflect.DelegatingMethodAccessorImpl.invoke(DelegatingMethodAccessorImpl.java:43)
	at java.lang.reflect.Method.invoke(Method.java:483)
	at org.apache.spark.deploy.worker.DriverWrapper$.main(DriverWrapper.scala:58)
	at org.apache.spark.deploy.worker.DriverWrapper.main(DriverWrapper.scala)
Caused by: java.lang.NoClassDefFoundError: scala/runtime/AbstractPartialFunction$mcVL$sp
	at java.lang.ClassLoader.defineClass1(Native Method)
	at java.lang.ClassLoader.defineClass(ClassLoader.java:760)
	at java.security.SecureClassLoader.defineClass(SecureClassLoader.java:142)
	at java.net.URLClassLoader.defineClass(URLClassLoader.java:455)
	at java.net.URLClassLoader.access$100(URLClassLoader.java:73)
	at java.net.URLClassLoader$1.run(URLClassLoader.java:367)
	at java.net.URLClassLoader$1.run(URLClassLoader.java:361)
	at java.security.AccessController.doPrivileged(Native Method)
	at java.net.URLClassLoader.findClass(URLClassLoader.java:360)
	at java.lang.ClassLoader.loadClass(ClassLoader.java:424)
	at java.lang.ClassLoader.loadClass(ClassLoader.java:357)
	at com.expedia.spark.streaming.common.util.StreamingJobConfigurationLoader$.com$expedia$spark$streaming$common$util$StreamingJobConfigurationLoader$$applyConfig(StreamingJobConfigurationLoader.scala:41)
	at com.expedia.spark.streaming.common.util.StreamingJobConfigurationLoader$.loadConfig(StreamingJobConfigurationLoader.scala:28)
	at com.expedia.spark.streaming.common.util.StreamingJobConfigurationLoader$.loadConfigurations(StreamingJobConfigurationLoader.scala:21)
	at com.expedia.spark.streaming.common.util.ClassPathOptionsReader$class.readOptions(ClassPathOptionsReader.scala:17)
	at com.expedia.www.leemajors.stat.aggregator.SampleJob$.com$expedia$spark$streaming$common$util$DefaultOptionsReader$$super$readOptions(SampleJob.scala:15)
	at com.expedia.spark.streaming.common.util.DefaultOptionsReader$class.readOptions(DefaultOptionsReader.scala:12)
	at com.expedia.www.leemajors.stat.aggregator.SampleJob$.readOptions(SampleJob.scala:15)
	at com.expedia.spark.streaming.common.StreamingJobRunner$class.main(StreamingJobRunner.scala:35)
	at com.expedia.www.leemajors.stat.aggregator.SampleJob$.main(SampleJob.scala:15)
	at com.expedia.www.leemajors.stat.aggregator.SampleJob.main(SampleJob.scala)
	... 6 more
Caused by: java.lang.ClassNotFoundException: scala.runtime.AbstractPartialFunction$mcVL$sp
	at java.net.URLClassLoader$1.run(URLClassLoader.java:372)
	at java.net.URLClassLoader$1.run(URLClassLoader.java:361)
	at java.security.AccessController.doPrivileged(Native Method)
	at java.net.URLClassLoader.findClass(URLClassLoader.java:360)
	at java.lang.ClassLoader.loadClass(ClassLoader.java:424)
	at java.lang.ClassLoader.loadClass(ClassLoader.java:357)
	... 27 more